{
  "0 debug pnpm:scope": {
    "selected": 1
  },
  "1 error pnpm": {
    "errno": 1,
    "code": "ELIFECYCLE",
    "pkgid": "perf-analytics@1.0.0",
    "stage": "client",
    "script": "cd dashboard && npm run start",
    "pkgname": "perf-analytics",
    "err": {
      "name": "pnpm",
      "message": "perf-analytics@1.0.0 client: `cd dashboard && npm run start`\nExit status 1",
      "code": "ELIFECYCLE",
      "stack": "pnpm: perf-analytics@1.0.0 client: `cd dashboard && npm run start`\nExit status 1\n    at EventEmitter.<anonymous> (/Users/ercumentlacin/.nvm/versions/node/v14.17.3/lib/node_modules/pnpm/dist/pnpm.cjs:103446:20)\n    at EventEmitter.emit (events.js:375:28)\n    at ChildProcess.<anonymous> (/Users/ercumentlacin/.nvm/versions/node/v14.17.3/lib/node_modules/pnpm/dist/pnpm.cjs:91375:18)\n    at ChildProcess.emit (events.js:375:28)\n    at maybeClose (internal/child_process.js:1055:16)\n    at Process.ChildProcess._handle.onexit (internal/child_process.js:288:5)"
    }
  },
  "2 warn pnpm:global": " Local package.json exists, but node_modules missing, did you mean to install?"
}